<?xml version="1.0" encoding="UTF-8"?>
<testsuite xmlns:xsi="http://www.w3.org/2001/XMLSchema-instance" xsi:noNamespaceSchemaLocation="https://maven.apache.org/surefire/maven-surefire-plugin/xsd/surefire-test-report-3.0.xsd" version="3.0" name="com.tabletale.rpgwiki.RpgWikiApplicationTests" time="12.423" tests="1" errors="0" skipped="0" failures="0">
  <properties>
[...]
</properties>
  <testcase name="contextLoads" classname="com.tabletale.rpgwiki.RpgWikiApplicationTests" time="0.867">
    <system-out><![CDATA[20:09:44.008 [main] INFO org.springframework.test.context.support.AnnotationConfigContextLoaderUtils -- Could not detect default configuration classes for test class [com.tabletale.rpgwiki.RpgWikiApplicationTests]: RpgWikiApplicationTests does not declare any static, non-private, non-final, nested classes annotated with @Configuration.
20:09:44.197 [main] INFO org.springframework.boot.test.context.SpringBootTestContextBootstrapper -- Found @SpringBootConfiguration com.tabletale.rpgwiki.RpgWikiApplication for test class com.tabletale.rpgwiki.RpgWikiApplicationTests

  .   ____          _            __ _ _
 /\\ / ___'_ __ _ _(_)_ __  __ _ \ \ \ \
( ( )\___ | '_ | '_| | '_ \/ _` | \ \ \ \
 \\/  ___)| |_)| | | | | || (_| |  ) ) ) )
  '  |____| .__|_| |_|_| |_\__, | / / / /
 =========|_|==============|___/=/_/_/_/
 :: Spring Boot ::                (v3.1.4)

2023-11-07T20:09:45.055-03:00  INFO 3436 --- [           main] c.t.rpgwiki.RpgWikiApplicationTests      : Starting RpgWikiApplicationTests using Java 17.0.8 with PID 3436 (started by fabri in c:\Users\fabri\VScode\Backend)
2023-11-07T20:09:45.057-03:00  INFO 3436 --- [           main] c.t.rpgwiki.RpgWikiApplicationTests      : No active profile set, falling back to 1 default profile: "default"
2023-11-07T20:09:47.013-03:00  INFO 3436 --- [           main] .s.d.r.c.RepositoryConfigurationDelegate : Bootstrapping Spring Data JPA repositories in DEFAULT mode.
2023-11-07T20:09:47.251-03:00  INFO 3436 --- [           main] .s.d.r.c.RepositoryConfigurationDelegate : Finished Spring Data repository scanning in 214 ms. Found 4 JPA repository interfaces.
2023-11-07T20:09:48.138-03:00  INFO 3436 --- [           main] o.f.c.internal.license.VersionPrinter    : Flyway Community Edition 9.16.3 by Redgate
2023-11-07T20:09:48.139-03:00  INFO 3436 --- [           main] o.f.c.internal.license.VersionPrinter    : See release notes here: https://rd.gt/416ObMi
2023-11-07T20:09:48.139-03:00  INFO 3436 --- [           main] o.f.c.internal.license.VersionPrinter    : 
2023-11-07T20:09:48.154-03:00  INFO 3436 --- [           main] com.zaxxer.hikari.HikariDataSource       : HikariPool-1 - Starting...
2023-11-07T20:09:48.675-03:00  INFO 3436 --- [           main] com.zaxxer.hikari.pool.HikariPool        : HikariPool-1 - Added connection org.postgresql.jdbc.PgConnection@61b60600
2023-11-07T20:09:48.678-03:00  INFO 3436 --- [           main] com.zaxxer.hikari.HikariDataSource       : HikariPool-1 - Start completed.
2023-11-07T20:09:48.722-03:00  INFO 3436 --- [           main] o.f.c.i.database.base.BaseDatabaseType   : Database: jdbc:postgresql://localhost:5432/rpgwiki (PostgreSQL 14.9)
2023-11-07T20:09:48.820-03:00  INFO 3436 --- [           main] o.f.core.internal.command.DbValidate     : Successfully validated 0 migrations (execution time 00:00.042s)
2023-11-07T20:09:48.820-03:00  WARN 3436 --- [           main] o.f.core.internal.command.DbValidate     : No migrations found. Are your locations set up correctly?
2023-11-07T20:09:48.914-03:00  INFO 3436 --- [           main] o.f.core.internal.command.DbMigrate      : Current version of schema "public": << Empty Schema >>
2023-11-07T20:09:48.916-03:00  INFO 3436 --- [           main] o.f.core.internal.command.DbMigrate      : Schema "public" is up to date. No migration necessary.
2023-11-07T20:09:49.097-03:00  INFO 3436 --- [           main] o.hibernate.jpa.internal.util.LogHelper  : HHH000204: Processing PersistenceUnitInfo [name: default]
2023-11-07T20:09:49.251-03:00  INFO 3436 --- [           main] org.hibernate.Version                    : HHH000412: Hibernate ORM core version 6.2.9.Final
2023-11-07T20:09:49.256-03:00  INFO 3436 --- [           main] org.hibernate.cfg.Environment            : HHH000406: Using bytecode reflection optimizer
2023-11-07T20:09:49.630-03:00  INFO 3436 --- [           main] o.h.b.i.BytecodeProviderInitiator        : HHH000021: Bytecode provider name : bytebuddy
2023-11-07T20:09:49.967-03:00  INFO 3436 --- [           main] o.s.o.j.p.SpringPersistenceUnitInfo      : No LoadTimeWeaver setup: ignoring JPA class transformer
2023-11-07T20:09:50.653-03:00  INFO 3436 --- [           main] o.h.b.i.BytecodeProviderInitiator        : HHH000021: Bytecode provider name : bytebuddy
2023-11-07T20:09:52.078-03:00  INFO 3436 --- [           main] o.h.e.t.j.p.i.JtaPlatformInitiator       : HHH000490: Using JtaPlatform implementation: [org.hibernate.engine.transaction.jta.platform.internal.NoJtaPlatform]
2023-11-07T20:09:52.453-03:00  INFO 3436 --- [           main] j.LocalContainerEntityManagerFactoryBean : Initialized JPA EntityManagerFactory for persistence unit 'default'
2023-11-07T20:09:53.611-03:00  WARN 3436 --- [           main] JpaBaseConfiguration$JpaWebConfiguration : spring.jpa.open-in-view is enabled by default. Therefore, database queries may be performed during view rendering. Explicitly configure spring.jpa.open-in-view to disable this warning
2023-11-07T20:09:53.907-03:00  INFO 3436 --- [           main] o.s.s.web.DefaultSecurityFilterChain     : Will secure any request with [org.springframework.security.web.session.DisableEncodeUrlFilter@46f3d0f7, org.springframework.security.web.context.request.async.WebAsyncManagerIntegrationFilter@592fbd8, org.springframework.security.web.context.SecurityContextHolderFilter@709353b9, org.springframework.security.web.header.HeaderWriterFilter@440e2406, org.springframework.web.filter.CorsFilter@354baab2, org.springframework.security.web.authentication.logout.LogoutFilter@52b2713a, com.tabletale.rpgwiki.security.SecurityFilter@5319e4fc, org.springframework.security.web.savedrequest.RequestCacheAwareFilter@768967cf, org.springframework.security.web.servletapi.SecurityContextHolderAwareRequestFilter@6df605f, org.springframework.security.web.authentication.AnonymousAuthenticationFilter@30be6a05, org.springframework.security.web.session.SessionManagementFilter@1c00a9f0, org.springframework.security.web.access.ExceptionTranslationFilter@3509f32d, org.springframework.security.web.access.intercept.AuthorizationFilter@28d74041]
2023-11-07T20:09:54.935-03:00  WARN 3436 --- [           main] o.s.b.a.f.FreeMarkerAutoConfiguration    : Cannot find template location(s): [classpath:/templates/] (please add some templates, check your FreeMarker configuration, or set spring.freemarker.check-template-location=false)
2023-11-07T20:09:54.971-03:00  INFO 3436 --- [           main] o.s.b.a.e.web.EndpointLinksResolver      : Exposing 1 endpoint(s) beneath base path '/actuator'
2023-11-07T20:09:55.092-03:00  INFO 3436 --- [           main] c.t.rpgwiki.RpgWikiApplicationTests      : Started RpgWikiApplicationTests in 10.516 seconds (process running for 12.315)
]]></system-out>
  </testcase>
</testsuite>